Hmm ... looks like a package
Converting parsed Rd's to LaTeX ....
Creating pdf output from LaTeX ...
Aviso em texi2dvi(file = file, pdf = TRUE, clean = clean, quiet = quiet,  :
  script/programa texi2dvi não está disponível, usando uma emulação
This is pdfTeX, Version 3.141592653-2.6-1.40.25 (TeX Live 2023/Debian) (preloaded format=pdflatex)
 restricted \write18 enabled.
entering extended mode
(./Rd2.tex
LaTeX2e <2023-11-01> patch level 1
L3 programming layer <2024-01-22>

(/usr/share/texlive/texmf-dist/tex/latex/base/book.cls
Document Class: book 2023/05/17 v1.4n Standard LaTeX document class
(/usr/share/texlive/texmf-dist/tex/latex/base/bk10.clo))
(/usr/share/R/share/texmf/tex/latex/Rd.sty
(/usr/share/texlive/texmf-dist/tex/latex/base/ifthen.sty)
(/usr/share/texlive/texmf-dist/tex/generic/iftex/iftex.sty)
(/usr/share/texlive/texmf-dist/tex/latex/tools/longtable.sty)
(/usr/share/texlive/texmf-dist/tex/latex/tools/bm.sty)
(/usr/share/texlive/texmf-dist/tex/latex/base/alltt.sty)
(/usr/share/texlive/texmf-dist/tex/latex/tools/verbatim.sty)
(/usr/share/texlive/texmf-dist/tex/latex/url/url.sty)
(/usr/share/texlive/texmf-dist/tex/latex/base/textcomp.sty)
(/usr/share/texlive/texmf-dist/tex/latex/amsmath/amsmath.sty
For additional information on amsmath, use the `?' option.
(/usr/share/texlive/texmf-dist/tex/latex/amsmath/amstext.sty
(/usr/share/texlive/texmf-dist/tex/latex/amsmath/amsgen.sty))
(/usr/share/texlive/texmf-dist/tex/latex/amsmath/amsbsy.sty)
(/usr/share/texlive/texmf-dist/tex/latex/amsmath/amsopn.sty))
(/usr/share/texlive/texmf-dist/tex/latex/amsfonts/amsfonts.sty)
(/usr/share/texlive/texmf-dist/tex/latex/amsfonts/amssymb.sty)
(/usr/share/texlive/texmf-dist/tex/latex/jknapltx/mathrsfs.sty)
(/usr/share/texlive/texmf-dist/tex/latex/base/fontenc.sty)
(/usr/share/texlive/texmf-dist/tex/latex/psnfss/times.sty)
(/usr/share/texlive/texmf-dist/tex/latex/inconsolata/zi4.sty
`inconsolata-zi4' v1.12, 2019/05/17 Text macros for Inconsolata (msharpe)
(/usr/share/texlive/texmf-dist/tex/latex/xkeyval/xkeyval.sty
(/usr/share/texlive/texmf-dist/tex/generic/xkeyval/xkeyval.tex
(/usr/share/texlive/texmf-dist/tex/generic/xkeyval/xkvutils.tex
(/usr/share/texlive/texmf-dist/tex/generic/xkeyval/keyval.tex)))))
(/usr/share/texlive/texmf-dist/tex/latex/graphics/color.sty
(/usr/share/texlive/texmf-dist/tex/latex/graphics-cfg/color.cfg)
(/usr/share/texlive/texmf-dist/tex/latex/graphics-def/pdftex.def)
(/usr/share/texlive/texmf-dist/tex/latex/graphics/mathcolor.ltx))
(/usr/share/texlive/texmf-dist/tex/latex/hyperref/hyperref.sty
(/usr/share/texlive/texmf-dist/tex/latex/kvsetkeys/kvsetkeys.sty)
(/usr/share/texlive/texmf-dist/tex/generic/kvdefinekeys/kvdefinekeys.sty)
(/usr/share/texlive/texmf-dist/tex/generic/pdfescape/pdfescape.sty
(/usr/share/texlive/texmf-dist/tex/generic/ltxcmds/ltxcmds.sty)
(/usr/share/texlive/texmf-dist/tex/generic/pdftexcmds/pdftexcmds.sty
(/usr/share/texlive/texmf-dist/tex/generic/infwarerr/infwarerr.sty)))
(/usr/share/texlive/texmf-dist/tex/latex/hycolor/hycolor.sty)
(/usr/share/texlive/texmf-dist/tex/latex/auxhook/auxhook.sty)
(/usr/share/texlive/texmf-dist/tex/latex/hyperref/nameref.sty
(/usr/share/texlive/texmf-dist/tex/latex/refcount/refcount.sty)
(/usr/share/texlive/texmf-dist/tex/generic/gettitlestring/gettitlestring.sty
(/usr/share/texlive/texmf-dist/tex/latex/kvoptions/kvoptions.sty)))
(/usr/share/texlive/texmf-dist/tex/latex/etoolbox/etoolbox.sty)
(/usr/share/texlive/texmf-dist/tex/latex/hyperref/pd1enc.def)
(/usr/share/texlive/texmf-dist/tex/generic/intcalc/intcalc.sty)
(/usr/share/texlive/texmf-dist/tex/latex/hyperref/puenc.def)
(/usr/share/texlive/texmf-dist/tex/generic/bitset/bitset.sty
(/usr/share/texlive/texmf-dist/tex/generic/bigintcalc/bigintcalc.sty))
(/usr/share/texlive/texmf-dist/tex/latex/base/atbegshi-ltx.sty))
(/usr/share/texlive/texmf-dist/tex/latex/hyperref/hpdftex.def
(/usr/share/texlive/texmf-dist/tex/latex/base/atveryend-ltx.sty)
(/usr/share/texlive/texmf-dist/tex/latex/rerunfilecheck/rerunfilecheck.sty
(/usr/share/texlive/texmf-dist/tex/generic/uniquecounter/uniquecounter.sty))))
(/usr/share/texlive/texmf-dist/tex/latex/base/makeidx.sty)
Writing index file Rd2.idx
(/usr/share/texlive/texmf-dist/tex/latex/psnfss/t1ptm.fd)
(/usr/share/texlive/texmf-dist/tex/latex/l3backend/l3backend-pdftex.def)
No file Rd2.aux.
(/usr/share/texlive/texmf-dist/tex/context/base/mkii/supp-pdf.mkii
[Loading MPS to PDF converter (version 2006.09.02).]
) (/usr/share/texlive/texmf-dist/tex/latex/inconsolata/t1zi4.fd)
(/usr/share/texlive/texmf-dist/tex/latex/amsfonts/umsa.fd)
(/usr/share/texlive/texmf-dist/tex/latex/amsfonts/umsb.fd)
(/usr/share/texlive/texmf-dist/tex/latex/jknapltx/ursfs.fd)
No file Rd2.toc.
[1{/var/lib/texmf/fonts/map/pdftex/updmap/pdftex.map}{/usr/share/texlive/texmf-
dist/fonts/enc/dvips/base/8r.enc}{/usr/share/texlive/texmf-dist/fonts/enc/dvips
/inconsolata/i4-t1-0.enc}]
(/usr/share/texlive/texmf-dist/tex/latex/psnfss/ts1ptm.fd) [2] [3] [4]
(/usr/share/texlive/texmf-dist/tex/latex/inconsolata/ts1zi4.fd) [5{/usr/share/t
exlive/texmf-dist/fonts/enc/dvips/inconsolata/i4-ts1.enc}] [6]
Overfull \hbox (61.60815pt too wide) in paragraph at lines 363--365
[]\T1/ptm/m/n/10 A ma-trix. In gen-eral it is com-puted based on the out-put of
 the []\T1/zi4/m/n/10 [mglm4twin]{ef_quasi_score}[]\T1/ptm/m/n/10 . 
[7] [8] [9] [10] [11] [12]
Overfull \hbox (13.51036pt too wide) in paragraph at lines 709--715
\T1/ptm/m/n/10 Op-tions are: []\T1/zi4/m/n/10 "logit"[]\T1/ptm/m/n/10 , []\T1/z
i4/m/n/10 "probit"[]\T1/ptm/m/n/10 , []\T1/zi4/m/n/10 "cauchit"[]\T1/ptm/m/n/10
 , []\T1/zi4/m/n/10 "cloglog"[]\T1/ptm/m/n/10 , []\T1/zi4/m/n/10 "loglog"[]\T1/
ptm/m/n/10 , []\T1/zi4/m/n/10 "identity"[]\T1/ptm/m/n/10 ,

Overfull \hbox (15.27824pt too wide) in paragraph at lines 716--721
[]\T1/ptm/m/n/10 a list spec-i-fy-ing the vari-ance func-tion names. Op-tions a
re: []\T1/zi4/m/n/10 "constant"[]\T1/ptm/m/n/10 , []\T1/zi4/m/n/10 "tweedie"[]\
T1/ptm/m/n/10 ,

Overfull \hbox (26.55072pt too wide) in paragraph at lines 716--721
[]\T1/zi4/m/n/10 "poisson_tweedie"[]\T1/ptm/m/n/10 , []\T1/zi4/m/n/10 "binomial
P" []\T1/ptm/m/n/10 and []\T1/zi4/m/n/10 "binomialPQ"[]\T1/ptm/m/n/10 . See [][
][]\T1/zi4/m/n/10 mt_variance_function[][][]
[13] [14]
Overfull \hbox (0.39096pt too wide) in paragraph at lines 855--860
[]\T1/zi4/m/n/10 "cloglog"[]\T1/ptm/m/n/10 , []\T1/zi4/m/n/10 "loglog"[]\T1/ptm
/m/n/10 , []\T1/zi4/m/n/10 "identity"[]\T1/ptm/m/n/10 , []\T1/zi4/m/n/10 "log"[
]\T1/ptm/m/n/10 , []\T1/zi4/m/n/10 "sqrt"[]\T1/ptm/m/n/10 , []\T1/zi4/m/n/10 "1
/mu^2" []\T1/ptm/m/n/10 and []\T1/zi4/m/n/10 "inverse"[]\T1/ptm/m/n/10 .
[15]
Overfull \hbox (61.23874pt too wide) in paragraph at lines 861--865
[]\T1/ptm/m/n/10 a list of vari-ance func-tions names. Op-tions are: []\T1/zi4/
m/n/10 "constant"[]\T1/ptm/m/n/10 , []\T1/zi4/m/n/10 "tweedie"[]\T1/ptm/m/n/10 
, []\T1/zi4/m/n/10 "poisson_tweedie"[]\T1/ptm/m/n/10 ,

Overfull \hbox (4.19792pt too wide) in paragraph at lines 868--871
[]\T1/ptm/m/n/10 a list of num-ber of tri-als on Bernoulli ex-per-i-ments. It i
s use-ful only for []\T1/zi4/m/n/10 binomialP
[16]
Overfull \hbox (35.37839pt too wide) in paragraph at lines 970--972
[]\T1/ptm/m/n/10 List with ex-pected val-ues and deriva-tives. In gen-eral the 
out-put from [][][]\T1/zi4/m/n/10 mt_link_function[][][][]\T1/ptm/m/n/10 . 
[17] [18] [19] [20] [21] [22] [23]
Overfull \hbox (8.22842pt too wide) in paragraph at lines 1346--1351
[]\T1/ptm/m/n/10 a string spec-i-fy-ing the name of the link func-tion. Op-tion
s are: []\T1/zi4/m/n/10 "logit"[]\T1/ptm/m/n/10 , []\T1/zi4/m/n/10 "probit"[]\T
1/ptm/m/n/10 ,
[24] [25] [26] [27] [28] [29]
Overfull \hbox (0.9696pt too wide) in paragraph at lines 1669--1671
[]\T1/ptm/m/n/10 a string spec-i-fy-ing the name ([]\T1/zi4/m/n/10 constant, tw
eedie, binomialP or binomialPQ[]\T1/ptm/m/n/10 )
[30] [31] [32] [33] [34] [35] [36]
No file Rd2.ind.
[37] (./Rd2.aux)

Package rerunfilecheck Warning: File `Rd2.out' has changed.
(rerunfilecheck)                Rerun to get outlines right
(rerunfilecheck)                or use package `bookmark'.

 )
(see the transcript file for additional information)
pdfTeX warning (dest): name{Rfn.make.link} has been referenced but does not exi
st, replaced by a fixed one


pdfTeX warning (dest): name{Rfn.formula} has been referenced but does not exist
, replaced by a fixed one


pdfTeX warning (dest): name{Rfn.model.matrix} has been referenced but does not 
exist, replaced by a fixed one

</usr/share/texlive/texmf-dist/fonts/type1/public/inconsolata/Inconsolata-zi4r.
pfb></usr/share/texlive/texmf-dist/fonts/type1/public/amsfonts/cm/cmmi10.pfb></
usr/share/texlive/texmf-dist/fonts/type1/public/amsfonts/cm/cmmi7.pfb></usr/sha
re/texlive/texmf-dist/fonts/type1/public/amsfonts/cm/cmr10.pfb></usr/share/texl
ive/texmf-dist/fonts/type1/public/amsfonts/cm/cmr7.pfb></usr/share/texlive/texm
f-dist/fonts/type1/public/amsfonts/cm/cmsy7.pfb></usr/share/texlive/texmf-dist/
fonts/type1/urw/times/utmb8a.pfb></usr/share/texlive/texmf-dist/fonts/type1/urw
/times/utmr8a.pfb></usr/share/texlive/texmf-dist/fonts/type1/urw/times/utmr8a.p
fb></usr/share/texlive/texmf-dist/fonts/type1/urw/times/utmri8a.pfb>
Output written on Rd2.pdf (37 pages, 195084 bytes).
Transcript written on Rd2.log.
This is makeindex, version 2.17 [TeX Live 2023] (kpathsea + Thai support).
Scanning input file Rd2.idx....done (119 entries accepted, 0 rejected).
Sorting entries....done (833 comparisons).
Generating output file Rd2.ind....done (168 lines written, 0 warnings).
Output written in Rd2.ind.
Transcript written in Rd2.ilg.
This is pdfTeX, Version 3.141592653-2.6-1.40.25 (TeX Live 2023/Debian) (preloaded format=pdflatex)
 restricted \write18 enabled.
entering extended mode
(./Rd2.tex
LaTeX2e <2023-11-01> patch level 1
L3 programming layer <2024-01-22>

(/usr/share/texlive/texmf-dist/tex/latex/base/book.cls
Document Class: book 2023/05/17 v1.4n Standard LaTeX document class
(/usr/share/texlive/texmf-dist/tex/latex/base/bk10.clo))
(/usr/share/R/share/texmf/tex/latex/Rd.sty
(/usr/share/texlive/texmf-dist/tex/latex/base/ifthen.sty)
(/usr/share/texlive/texmf-dist/tex/generic/iftex/iftex.sty)
(/usr/share/texlive/texmf-dist/tex/latex/tools/longtable.sty)
(/usr/share/texlive/texmf-dist/tex/latex/tools/bm.sty)
(/usr/share/texlive/texmf-dist/tex/latex/base/alltt.sty)
(/usr/share/texlive/texmf-dist/tex/latex/tools/verbatim.sty)
(/usr/share/texlive/texmf-dist/tex/latex/url/url.sty)
(/usr/share/texlive/texmf-dist/tex/latex/base/textcomp.sty)
(/usr/share/texlive/texmf-dist/tex/latex/amsmath/amsmath.sty
For additional information on amsmath, use the `?' option.
(/usr/share/texlive/texmf-dist/tex/latex/amsmath/amstext.sty
(/usr/share/texlive/texmf-dist/tex/latex/amsmath/amsgen.sty))
(/usr/share/texlive/texmf-dist/tex/latex/amsmath/amsbsy.sty)
(/usr/share/texlive/texmf-dist/tex/latex/amsmath/amsopn.sty))
(/usr/share/texlive/texmf-dist/tex/latex/amsfonts/amsfonts.sty)
(/usr/share/texlive/texmf-dist/tex/latex/amsfonts/amssymb.sty)
(/usr/share/texlive/texmf-dist/tex/latex/jknapltx/mathrsfs.sty)
(/usr/share/texlive/texmf-dist/tex/latex/base/fontenc.sty)
(/usr/share/texlive/texmf-dist/tex/latex/psnfss/times.sty)
(/usr/share/texlive/texmf-dist/tex/latex/inconsolata/zi4.sty
`inconsolata-zi4' v1.12, 2019/05/17 Text macros for Inconsolata (msharpe)
(/usr/share/texlive/texmf-dist/tex/latex/xkeyval/xkeyval.sty
(/usr/share/texlive/texmf-dist/tex/generic/xkeyval/xkeyval.tex
(/usr/share/texlive/texmf-dist/tex/generic/xkeyval/xkvutils.tex
(/usr/share/texlive/texmf-dist/tex/generic/xkeyval/keyval.tex)))))
(/usr/share/texlive/texmf-dist/tex/latex/graphics/color.sty
(/usr/share/texlive/texmf-dist/tex/latex/graphics-cfg/color.cfg)
(/usr/share/texlive/texmf-dist/tex/latex/graphics-def/pdftex.def)
(/usr/share/texlive/texmf-dist/tex/latex/graphics/mathcolor.ltx))
(/usr/share/texlive/texmf-dist/tex/latex/hyperref/hyperref.sty
(/usr/share/texlive/texmf-dist/tex/latex/kvsetkeys/kvsetkeys.sty)
(/usr/share/texlive/texmf-dist/tex/generic/kvdefinekeys/kvdefinekeys.sty)
(/usr/share/texlive/texmf-dist/tex/generic/pdfescape/pdfescape.sty
(/usr/share/texlive/texmf-dist/tex/generic/ltxcmds/ltxcmds.sty)
(/usr/share/texlive/texmf-dist/tex/generic/pdftexcmds/pdftexcmds.sty
(/usr/share/texlive/texmf-dist/tex/generic/infwarerr/infwarerr.sty)))
(/usr/share/texlive/texmf-dist/tex/latex/hycolor/hycolor.sty)
(/usr/share/texlive/texmf-dist/tex/latex/auxhook/auxhook.sty)
(/usr/share/texlive/texmf-dist/tex/latex/hyperref/nameref.sty
(/usr/share/texlive/texmf-dist/tex/latex/refcount/refcount.sty)
(/usr/share/texlive/texmf-dist/tex/generic/gettitlestring/gettitlestring.sty
(/usr/share/texlive/texmf-dist/tex/latex/kvoptions/kvoptions.sty)))
(/usr/share/texlive/texmf-dist/tex/latex/etoolbox/etoolbox.sty)
(/usr/share/texlive/texmf-dist/tex/latex/hyperref/pd1enc.def)
(/usr/share/texlive/texmf-dist/tex/generic/intcalc/intcalc.sty)
(/usr/share/texlive/texmf-dist/tex/latex/hyperref/puenc.def)
(/usr/share/texlive/texmf-dist/tex/generic/bitset/bitset.sty
(/usr/share/texlive/texmf-dist/tex/generic/bigintcalc/bigintcalc.sty))
(/usr/share/texlive/texmf-dist/tex/latex/base/atbegshi-ltx.sty))
(/usr/share/texlive/texmf-dist/tex/latex/hyperref/hpdftex.def
(/usr/share/texlive/texmf-dist/tex/latex/base/atveryend-ltx.sty)
(/usr/share/texlive/texmf-dist/tex/latex/rerunfilecheck/rerunfilecheck.sty
(/usr/share/texlive/texmf-dist/tex/generic/uniquecounter/uniquecounter.sty))))
(/usr/share/texlive/texmf-dist/tex/latex/base/makeidx.sty)
Writing index file Rd2.idx
(/usr/share/texlive/texmf-dist/tex/latex/psnfss/t1ptm.fd)
(/usr/share/texlive/texmf-dist/tex/latex/l3backend/l3backend-pdftex.def)
(./Rd2.aux) (/usr/share/texlive/texmf-dist/tex/context/base/mkii/supp-pdf.mkii
[Loading MPS to PDF converter (version 2006.09.02).]
) (./Rd2.out) (./Rd2.out)
(/usr/share/texlive/texmf-dist/tex/latex/inconsolata/t1zi4.fd)
(/usr/share/texlive/texmf-dist/tex/latex/amsfonts/umsa.fd)
(/usr/share/texlive/texmf-dist/tex/latex/amsfonts/umsb.fd)
(/usr/share/texlive/texmf-dist/tex/latex/jknapltx/ursfs.fd) (./Rd2.toc [1{/var/
lib/texmf/fonts/map/pdftex/updmap/pdftex.map}{/usr/share/texlive/texmf-dist/fon
ts/enc/dvips/base/8r.enc}{/usr/share/texlive/texmf-dist/fonts/enc/dvips/inconso
lata/i4-t1-0.enc}]) (/usr/share/texlive/texmf-dist/tex/latex/psnfss/ts1ptm.fd)
[2] [3] [4] [5] (/usr/share/texlive/texmf-dist/tex/latex/inconsolata/ts1zi4.fd)
[6{/usr/share/texlive/texmf-dist/fonts/enc/dvips/inconsolata/i4-ts1.enc}]
[7]
Overfull \hbox (61.60815pt too wide) in paragraph at lines 363--365
[]\T1/ptm/m/n/10 A ma-trix. In gen-eral it is com-puted based on the out-put of
 the []\T1/zi4/m/n/10 [mglm4twin]{ef_quasi_score}[]\T1/ptm/m/n/10 . 
[8] [9] [10] [11] [12] [13]
Overfull \hbox (13.51036pt too wide) in paragraph at lines 709--715
\T1/ptm/m/n/10 Op-tions are: []\T1/zi4/m/n/10 "logit"[]\T1/ptm/m/n/10 , []\T1/z
i4/m/n/10 "probit"[]\T1/ptm/m/n/10 , []\T1/zi4/m/n/10 "cauchit"[]\T1/ptm/m/n/10
 , []\T1/zi4/m/n/10 "cloglog"[]\T1/ptm/m/n/10 , []\T1/zi4/m/n/10 "loglog"[]\T1/
ptm/m/n/10 , []\T1/zi4/m/n/10 "identity"[]\T1/ptm/m/n/10 ,

Overfull \hbox (15.27824pt too wide) in paragraph at lines 716--721
[]\T1/ptm/m/n/10 a list spec-i-fy-ing the vari-ance func-tion names. Op-tions a
re: []\T1/zi4/m/n/10 "constant"[]\T1/ptm/m/n/10 , []\T1/zi4/m/n/10 "tweedie"[]\
T1/ptm/m/n/10 ,

Overfull \hbox (26.55072pt too wide) in paragraph at lines 716--721
[]\T1/zi4/m/n/10 "poisson_tweedie"[]\T1/ptm/m/n/10 , []\T1/zi4/m/n/10 "binomial
P" []\T1/ptm/m/n/10 and []\T1/zi4/m/n/10 "binomialPQ"[]\T1/ptm/m/n/10 . See [][
][]\T1/zi4/m/n/10 mt_variance_function[][][]
[14] [15]
Overfull \hbox (0.39096pt too wide) in paragraph at lines 855--860
[]\T1/zi4/m/n/10 "cloglog"[]\T1/ptm/m/n/10 , []\T1/zi4/m/n/10 "loglog"[]\T1/ptm
/m/n/10 , []\T1/zi4/m/n/10 "identity"[]\T1/ptm/m/n/10 , []\T1/zi4/m/n/10 "log"[
]\T1/ptm/m/n/10 , []\T1/zi4/m/n/10 "sqrt"[]\T1/ptm/m/n/10 , []\T1/zi4/m/n/10 "1
/mu^2" []\T1/ptm/m/n/10 and []\T1/zi4/m/n/10 "inverse"[]\T1/ptm/m/n/10 .

Overfull \hbox (61.23874pt too wide) in paragraph at lines 861--865
[]\T1/ptm/m/n/10 a list of vari-ance func-tions names. Op-tions are: []\T1/zi4/
m/n/10 "constant"[]\T1/ptm/m/n/10 , []\T1/zi4/m/n/10 "tweedie"[]\T1/ptm/m/n/10 
, []\T1/zi4/m/n/10 "poisson_tweedie"[]\T1/ptm/m/n/10 ,

Overfull \hbox (4.19792pt too wide) in paragraph at lines 868--871
[]\T1/ptm/m/n/10 a list of num-ber of tri-als on Bernoulli ex-per-i-ments. It i
s use-ful only for []\T1/zi4/m/n/10 binomialP
[16] [17]
Overfull \hbox (35.37839pt too wide) in paragraph at lines 970--972
[]\T1/ptm/m/n/10 List with ex-pected val-ues and deriva-tives. In gen-eral the 
out-put from [][][]\T1/zi4/m/n/10 mt_link_function[][][][]\T1/ptm/m/n/10 . 
[18] [19] [20] [21] [22] [23]
Overfull \hbox (8.22842pt too wide) in paragraph at lines 1346--1351
[]\T1/ptm/m/n/10 a string spec-i-fy-ing the name of the link func-tion. Op-tion
s are: []\T1/zi4/m/n/10 "logit"[]\T1/ptm/m/n/10 , []\T1/zi4/m/n/10 "probit"[]\T
1/ptm/m/n/10 ,
[24] [25] [26] [27] [28] [29]
Overfull \hbox (0.9696pt too wide) in paragraph at lines 1669--1671
[]\T1/ptm/m/n/10 a string spec-i-fy-ing the name ([]\T1/zi4/m/n/10 constant, tw
eedie, binomialP or binomialPQ[]\T1/ptm/m/n/10 )
[30] [31] [32] [33] [34] [35] [36] [37] (./Rd2.ind [38]

LaTeX Font Warning: Font shape `T1/zi4/m/it' undefined
(Font)              using `T1/zi4/m/n' instead on input line 52.

[39] [40]) (./Rd2.aux)

LaTeX Font Warning: Some font shapes were not available, defaults substituted.


Package rerunfilecheck Warning: File `Rd2.out' has changed.
(rerunfilecheck)                Rerun to get outlines right
(rerunfilecheck)                or use package `bookmark'.

 )
(see the transcript file for additional information)
pdfTeX warning (dest): name{Rfn.make.link} has been referenced but does not exi
st, replaced by a fixed one


pdfTeX warning (dest): name{Rfn.formula} has been referenced but does not exist
, replaced by a fixed one


pdfTeX warning (dest): name{Rfn.model.matrix} has been referenced but does not 
exist, replaced by a fixed one

</usr/share/texlive/texmf-dist/fonts/type1/public/inconsolata/Inconsolata-zi4r.
pfb></usr/share/texlive/texmf-dist/fonts/type1/public/amsfonts/cm/cmmi10.pfb></
usr/share/texlive/texmf-dist/fonts/type1/public/amsfonts/cm/cmmi7.pfb></usr/sha
re/texlive/texmf-dist/fonts/type1/public/amsfonts/cm/cmr10.pfb></usr/share/texl
ive/texmf-dist/fonts/type1/public/amsfonts/cm/cmr7.pfb></usr/share/texlive/texm
f-dist/fonts/type1/public/amsfonts/cm/cmsy10.pfb></usr/share/texlive/texmf-dist
/fonts/type1/public/amsfonts/cm/cmsy7.pfb></usr/share/texlive/texmf-dist/fonts/
type1/urw/times/utmb8a.pfb></usr/share/texlive/texmf-dist/fonts/type1/urw/times
/utmr8a.pfb></usr/share/texlive/texmf-dist/fonts/type1/urw/times/utmr8a.pfb></u
sr/share/texlive/texmf-dist/fonts/type1/urw/times/utmri8a.pfb>
Output written on Rd2.pdf (40 pages, 216272 bytes).
Transcript written on Rd2.log.
This is makeindex, version 2.17 [TeX Live 2023] (kpathsea + Thai support).
Scanning input file Rd2.idx....done (119 entries accepted, 0 rejected).
Sorting entries....done (831 comparisons).
Generating output file Rd2.ind....done (167 lines written, 0 warnings).
Output written in Rd2.ind.
Transcript written in Rd2.ilg.
This is pdfTeX, Version 3.141592653-2.6-1.40.25 (TeX Live 2023/Debian) (preloaded format=pdflatex)
 restricted \write18 enabled.
entering extended mode
(./Rd2.tex
LaTeX2e <2023-11-01> patch level 1
L3 programming layer <2024-01-22>

(/usr/share/texlive/texmf-dist/tex/latex/base/book.cls
Document Class: book 2023/05/17 v1.4n Standard LaTeX document class
(/usr/share/texlive/texmf-dist/tex/latex/base/bk10.clo))
(/usr/share/R/share/texmf/tex/latex/Rd.sty
(/usr/share/texlive/texmf-dist/tex/latex/base/ifthen.sty)
(/usr/share/texlive/texmf-dist/tex/generic/iftex/iftex.sty)
(/usr/share/texlive/texmf-dist/tex/latex/tools/longtable.sty)
(/usr/share/texlive/texmf-dist/tex/latex/tools/bm.sty)
(/usr/share/texlive/texmf-dist/tex/latex/base/alltt.sty)
(/usr/share/texlive/texmf-dist/tex/latex/tools/verbatim.sty)
(/usr/share/texlive/texmf-dist/tex/latex/url/url.sty)
(/usr/share/texlive/texmf-dist/tex/latex/base/textcomp.sty)
(/usr/share/texlive/texmf-dist/tex/latex/amsmath/amsmath.sty
For additional information on amsmath, use the `?' option.
(/usr/share/texlive/texmf-dist/tex/latex/amsmath/amstext.sty
(/usr/share/texlive/texmf-dist/tex/latex/amsmath/amsgen.sty))
(/usr/share/texlive/texmf-dist/tex/latex/amsmath/amsbsy.sty)
(/usr/share/texlive/texmf-dist/tex/latex/amsmath/amsopn.sty))
(/usr/share/texlive/texmf-dist/tex/latex/amsfonts/amsfonts.sty)
(/usr/share/texlive/texmf-dist/tex/latex/amsfonts/amssymb.sty)
(/usr/share/texlive/texmf-dist/tex/latex/jknapltx/mathrsfs.sty)
(/usr/share/texlive/texmf-dist/tex/latex/base/fontenc.sty)
(/usr/share/texlive/texmf-dist/tex/latex/psnfss/times.sty)
(/usr/share/texlive/texmf-dist/tex/latex/inconsolata/zi4.sty
`inconsolata-zi4' v1.12, 2019/05/17 Text macros for Inconsolata (msharpe)
(/usr/share/texlive/texmf-dist/tex/latex/xkeyval/xkeyval.sty
(/usr/share/texlive/texmf-dist/tex/generic/xkeyval/xkeyval.tex
(/usr/share/texlive/texmf-dist/tex/generic/xkeyval/xkvutils.tex
(/usr/share/texlive/texmf-dist/tex/generic/xkeyval/keyval.tex)))))
(/usr/share/texlive/texmf-dist/tex/latex/graphics/color.sty
(/usr/share/texlive/texmf-dist/tex/latex/graphics-cfg/color.cfg)
(/usr/share/texlive/texmf-dist/tex/latex/graphics-def/pdftex.def)
(/usr/share/texlive/texmf-dist/tex/latex/graphics/mathcolor.ltx))
(/usr/share/texlive/texmf-dist/tex/latex/hyperref/hyperref.sty
(/usr/share/texlive/texmf-dist/tex/latex/kvsetkeys/kvsetkeys.sty)
(/usr/share/texlive/texmf-dist/tex/generic/kvdefinekeys/kvdefinekeys.sty)
(/usr/share/texlive/texmf-dist/tex/generic/pdfescape/pdfescape.sty
(/usr/share/texlive/texmf-dist/tex/generic/ltxcmds/ltxcmds.sty)
(/usr/share/texlive/texmf-dist/tex/generic/pdftexcmds/pdftexcmds.sty
(/usr/share/texlive/texmf-dist/tex/generic/infwarerr/infwarerr.sty)))
(/usr/share/texlive/texmf-dist/tex/latex/hycolor/hycolor.sty)
(/usr/share/texlive/texmf-dist/tex/latex/auxhook/auxhook.sty)
(/usr/share/texlive/texmf-dist/tex/latex/hyperref/nameref.sty
(/usr/share/texlive/texmf-dist/tex/latex/refcount/refcount.sty)
(/usr/share/texlive/texmf-dist/tex/generic/gettitlestring/gettitlestring.sty
(/usr/share/texlive/texmf-dist/tex/latex/kvoptions/kvoptions.sty)))
(/usr/share/texlive/texmf-dist/tex/latex/etoolbox/etoolbox.sty)
(/usr/share/texlive/texmf-dist/tex/latex/hyperref/pd1enc.def)
(/usr/share/texlive/texmf-dist/tex/generic/intcalc/intcalc.sty)
(/usr/share/texlive/texmf-dist/tex/latex/hyperref/puenc.def)
(/usr/share/texlive/texmf-dist/tex/generic/bitset/bitset.sty
(/usr/share/texlive/texmf-dist/tex/generic/bigintcalc/bigintcalc.sty))
(/usr/share/texlive/texmf-dist/tex/latex/base/atbegshi-ltx.sty))
(/usr/share/texlive/texmf-dist/tex/latex/hyperref/hpdftex.def
(/usr/share/texlive/texmf-dist/tex/latex/base/atveryend-ltx.sty)
(/usr/share/texlive/texmf-dist/tex/latex/rerunfilecheck/rerunfilecheck.sty
(/usr/share/texlive/texmf-dist/tex/generic/uniquecounter/uniquecounter.sty))))
(/usr/share/texlive/texmf-dist/tex/latex/base/makeidx.sty)
Writing index file Rd2.idx
(/usr/share/texlive/texmf-dist/tex/latex/psnfss/t1ptm.fd)
(/usr/share/texlive/texmf-dist/tex/latex/l3backend/l3backend-pdftex.def)
(./Rd2.aux) (/usr/share/texlive/texmf-dist/tex/context/base/mkii/supp-pdf.mkii
[Loading MPS to PDF converter (version 2006.09.02).]
) (./Rd2.out) (./Rd2.out)
(/usr/share/texlive/texmf-dist/tex/latex/inconsolata/t1zi4.fd)
(/usr/share/texlive/texmf-dist/tex/latex/amsfonts/umsa.fd)
(/usr/share/texlive/texmf-dist/tex/latex/amsfonts/umsb.fd)
(/usr/share/texlive/texmf-dist/tex/latex/jknapltx/ursfs.fd) (./Rd2.toc [1{/var/
lib/texmf/fonts/map/pdftex/updmap/pdftex.map}{/usr/share/texlive/texmf-dist/fon
ts/enc/dvips/base/8r.enc}{/usr/share/texlive/texmf-dist/fonts/enc/dvips/inconso
lata/i4-t1-0.enc}]) [2]
(/usr/share/texlive/texmf-dist/tex/latex/psnfss/ts1ptm.fd) [3] [4] [5]
(/usr/share/texlive/texmf-dist/tex/latex/inconsolata/ts1zi4.fd) [6{/usr/share/t
exlive/texmf-dist/fonts/enc/dvips/inconsolata/i4-ts1.enc}] [7]
Overfull \hbox (61.60815pt too wide) in paragraph at lines 363--365
[]\T1/ptm/m/n/10 A ma-trix. In gen-eral it is com-puted based on the out-put of
 the []\T1/zi4/m/n/10 [mglm4twin]{ef_quasi_score}[]\T1/ptm/m/n/10 . 
[8] [9] [10] [11] [12] [13]
Overfull \hbox (13.51036pt too wide) in paragraph at lines 709--715
\T1/ptm/m/n/10 Op-tions are: []\T1/zi4/m/n/10 "logit"[]\T1/ptm/m/n/10 , []\T1/z
i4/m/n/10 "probit"[]\T1/ptm/m/n/10 , []\T1/zi4/m/n/10 "cauchit"[]\T1/ptm/m/n/10
 , []\T1/zi4/m/n/10 "cloglog"[]\T1/ptm/m/n/10 , []\T1/zi4/m/n/10 "loglog"[]\T1/
ptm/m/n/10 , []\T1/zi4/m/n/10 "identity"[]\T1/ptm/m/n/10 ,

Overfull \hbox (15.27824pt too wide) in paragraph at lines 716--721
[]\T1/ptm/m/n/10 a list spec-i-fy-ing the vari-ance func-tion names. Op-tions a
re: []\T1/zi4/m/n/10 "constant"[]\T1/ptm/m/n/10 , []\T1/zi4/m/n/10 "tweedie"[]\
T1/ptm/m/n/10 ,

Overfull \hbox (26.55072pt too wide) in paragraph at lines 716--721
[]\T1/zi4/m/n/10 "poisson_tweedie"[]\T1/ptm/m/n/10 , []\T1/zi4/m/n/10 "binomial
P" []\T1/ptm/m/n/10 and []\T1/zi4/m/n/10 "binomialPQ"[]\T1/ptm/m/n/10 . See [][
][]\T1/zi4/m/n/10 mt_variance_function[][][]
[14] [15]
Overfull \hbox (0.39096pt too wide) in paragraph at lines 855--860
[]\T1/zi4/m/n/10 "cloglog"[]\T1/ptm/m/n/10 , []\T1/zi4/m/n/10 "loglog"[]\T1/ptm
/m/n/10 , []\T1/zi4/m/n/10 "identity"[]\T1/ptm/m/n/10 , []\T1/zi4/m/n/10 "log"[
]\T1/ptm/m/n/10 , []\T1/zi4/m/n/10 "sqrt"[]\T1/ptm/m/n/10 , []\T1/zi4/m/n/10 "1
/mu^2" []\T1/ptm/m/n/10 and []\T1/zi4/m/n/10 "inverse"[]\T1/ptm/m/n/10 .

Overfull \hbox (61.23874pt too wide) in paragraph at lines 861--865
[]\T1/ptm/m/n/10 a list of vari-ance func-tions names. Op-tions are: []\T1/zi4/
m/n/10 "constant"[]\T1/ptm/m/n/10 , []\T1/zi4/m/n/10 "tweedie"[]\T1/ptm/m/n/10 
, []\T1/zi4/m/n/10 "poisson_tweedie"[]\T1/ptm/m/n/10 ,

Overfull \hbox (4.19792pt too wide) in paragraph at lines 868--871
[]\T1/ptm/m/n/10 a list of num-ber of tri-als on Bernoulli ex-per-i-ments. It i
s use-ful only for []\T1/zi4/m/n/10 binomialP
[16] [17]
Overfull \hbox (35.37839pt too wide) in paragraph at lines 970--972
[]\T1/ptm/m/n/10 List with ex-pected val-ues and deriva-tives. In gen-eral the 
out-put from [][][]\T1/zi4/m/n/10 mt_link_function[][][][]\T1/ptm/m/n/10 . 
[18] [19] [20] [21] [22] [23]
Overfull \hbox (8.22842pt too wide) in paragraph at lines 1346--1351
[]\T1/ptm/m/n/10 a string spec-i-fy-ing the name of the link func-tion. Op-tion
s are: []\T1/zi4/m/n/10 "logit"[]\T1/ptm/m/n/10 , []\T1/zi4/m/n/10 "probit"[]\T
1/ptm/m/n/10 ,
[24] [25] [26] [27] [28] [29]
Overfull \hbox (0.9696pt too wide) in paragraph at lines 1669--1671
[]\T1/ptm/m/n/10 a string spec-i-fy-ing the name ([]\T1/zi4/m/n/10 constant, tw
eedie, binomialP or binomialPQ[]\T1/ptm/m/n/10 )
[30] [31] [32] [33] [34] [35] [36] [37] (./Rd2.ind [38]

LaTeX Font Warning: Font shape `T1/zi4/m/it' undefined
(Font)              using `T1/zi4/m/n' instead on input line 52.

[39] [40]) (./Rd2.aux)

LaTeX Font Warning: Some font shapes were not available, defaults substituted.

 )
(see the transcript file for additional information)
pdfTeX warning (dest): name{Rfn.make.link} has been referenced but does not exi
st, replaced by a fixed one


pdfTeX warning (dest): name{Rfn.formula} has been referenced but does not exist
, replaced by a fixed one


pdfTeX warning (dest): name{Rfn.model.matrix} has been referenced but does not 
exist, replaced by a fixed one

</usr/share/texlive/texmf-dist/fonts/type1/public/inconsolata/Inconsolata-zi4r.
pfb></usr/share/texlive/texmf-dist/fonts/type1/public/amsfonts/cm/cmmi10.pfb></
usr/share/texlive/texmf-dist/fonts/type1/public/amsfonts/cm/cmmi7.pfb></usr/sha
re/texlive/texmf-dist/fonts/type1/public/amsfonts/cm/cmr10.pfb></usr/share/texl
ive/texmf-dist/fonts/type1/public/amsfonts/cm/cmr7.pfb></usr/share/texlive/texm
f-dist/fonts/type1/public/amsfonts/cm/cmsy10.pfb></usr/share/texlive/texmf-dist
/fonts/type1/public/amsfonts/cm/cmsy7.pfb></usr/share/texlive/texmf-dist/fonts/
type1/urw/times/utmb8a.pfb></usr/share/texlive/texmf-dist/fonts/type1/urw/times
/utmr8a.pfb></usr/share/texlive/texmf-dist/fonts/type1/urw/times/utmr8a.pfb></u
sr/share/texlive/texmf-dist/fonts/type1/urw/times/utmri8a.pfb>
Output written on Rd2.pdf (40 pages, 216773 bytes).
Transcript written on Rd2.log.
Saving output to ‘mglm4twin-manual.pdf’ ...
Done
You may want to clean up by 'rm -Rf /tmp/RtmpbW0ykx/Rd2pdf150f68f7bc8f'
